serverless › Invoking "deploy" on service "photosService"
photosService › deploying
photosService › Running "serverless deploy --stage dev --param AwsCognitoUserPoolId=us-west-1_Jqfips2Td"
photosService › Running "serverless" from node_modules
photosService › Warning: Invalid configuration encountered
photosService ›   at 'provider': unrecognized property 'projectName'
photosService › 
photosService › Learn more about configuration validation here: http://slss.io/configuration-validation
photosService › Deploying serverless-aws-photos-solution to stage dev (us-west-1)
photosService › ✔ Service deployed to stack serverless-aws-photos-solution-dev (244s)
photosService › console: https://console.serverless.com/randompotato/metrics/awsLambda?globalEnvironments=dev&globalNamespace=serverless-aws-photos-solution&globalRegions=us-west-1&globalScope=awsLambda&globalTimeFrame=15m
photosService › functions:
photosService ›   processBasePhoto: serverless-baseOnUpload-dev (11 MB)
photosService ›   processUploadedPhoto: serverless-photoOnUpload-dev (11 MB)
photosService › appsync endpoints:
photosService ›   graphql: https://eqlqnr7hnnatbmlaeduzirjwrq.appsync-api.us-west-1.amazonaws.com/graphql
photosService ›   realtime: wss://eqlqnr7hnnatbmlaeduzirjwrq.appsync-realtime-api.us-west-1.amazonaws.com/graphql
photosService › 1 deprecation found: run 'serverless doctor' for more details
photosService › Running "serverless info --verbose --stage dev --param AwsCognitoUserPoolId=us-west-1_Jqfips2Td"
photosService › Running "serverless" from node_modules
photosService › Warning: Invalid configuration encountered
photosService ›   at 'provider': unrecognized property 'projectName'
photosService › 
photosService › Learn more about configuration validation here: http://slss.io/configuration-validation
photosService › Loading AppSync config
photosService › Loading AppSync config
photosService › service: serverless-aws-photos-solution
photosService › stage: dev
photosService › region: us-west-1
photosService › stack: serverless-aws-photos-solution-dev
photosService › console: https://console.serverless.com/randompotato/metrics/awsLambda?globalEnvironments=dev&globalNamespace=serverless-aws-photos-solution&globalRegions=us-west-1&globalScope=awsLambda&globalTimeFrame=15m
photosService › functions:
photosService ›   processBasePhoto: serverless-baseOnUpload-dev
photosService ›   processUploadedPhoto: serverless-photoOnUpload-dev
photosService › Stack Outputs:
photosService ›   ProcessUploadedPhotoLambdaFunctionQualifiedArn: arn:aws:lambda:us-west-1:618412715225:function:serverless-photoOnUpload-dev:1
photosService ›   ProcessBasePhotoLambdaFunctionQualifiedArn: arn:aws:lambda:us-west-1:618412715225:function:serverless-baseOnUpload-dev:2
photosService ›   ServerlessDeploymentBucketName: serverless-aws-photos-so-serverlessdeploymentbuck-1r0e0m82reizs
photosService › appsync endpoints:
photosService ›   graphql: https://eqlqnr7hnnatbmlaeduzirjwrq.appsync-api.us-west-1.amazonaws.com/graphql
photosService ›   realtime: wss://eqlqnr7hnnatbmlaeduzirjwrq.appsync-realtime-api.us-west-1.amazonaws.com/graphql
photosService › 1 deprecation found: run 'serverless doctor' for more details
photosService › deployed
